<html>
<head>
<title>TestNG:  Chrome</title>
<link href="../testng.css" rel="stylesheet" type="text/css" />
<link href="../my-testng.css" rel="stylesheet" type="text/css" />

<style type="text/css">
.log { display: none;} 
.stack-trace { display: none;} 
</style>
<script type="text/javascript">
<!--
function flip(e) {
  current = e.style.display;
  if (current == 'block') {
    e.style.display = 'none';
    return 0;
  }
  else {
    e.style.display = 'block';
    return 1;
  }
}

function toggleBox(szDivId, elem, msg1, msg2)
{
  var res = -1;  if (document.getElementById) {
    res = flip(document.getElementById(szDivId));
  }
  else if (document.all) {
    // this is the way old msie versions work
    res = flip(document.all[szDivId]);
  }
  if(elem) {
    if(res == 0) elem.innerHTML = msg1; else elem.innerHTML = msg2;
  }

}

function toggleAllBoxes() {
  if (document.getElementsByTagName) {
    d = document.getElementsByTagName('div');
    for (i = 0; i < d.length; i++) {
      if (d[i].className == 'log') {
        flip(d[i]);
      }
    }
  }
}

// -->
</script>

</head>
<body>
<h2 align='center'>Chrome</h2><table border='1' align="center">
<tr>
<td>Tests passed/Failed/Skipped:</td><td>13/1/0</td>
</tr><tr>
<td>Started on:</td><td>Wed Mar 19 00:56:32 IST 2025</td>
</tr>
<tr><td>Total time:</td><td>279 seconds (279381 ms)</td>
</tr><tr>
<td>Included groups:</td><td></td>
</tr><tr>
<td>Excluded groups:</td><td></td>
</tr>
</table><p/>
<small><i>(Hover the method name to see the test class name)</i></small><p/>
<table width='100%' border='1' class='invocation-failed'>
<tr><td colspan='4' align='center'><b>FAILED TESTS</b></td></tr>
<tr><td><b>Test method</b></td>
<td><b>Attribute(s)</b></td>
<td width="30%"><b>Exception</b></td>
<td width="10%"><b>Time (seconds)</b></td>
<td><b>Instance</b></td>
</tr>
<tr>
<td title='capstoneproject.ZeroBank.runners.PayBillsRunner.runScenario()'><b>runScenario</b><br>Test class: capstoneproject.ZeroBank.runners.PayBillsRunner<br>Test method: Runs Cucumber Scenarios<br>Parameters: "Successful Bill Payment", "Pay Bills"</td>
<td><div><pre>java.lang.AssertionError: Success message not displayed! expected [true] but found [false]
	at capstoneproject.ZeroBank.stepdefinitions.PayBillsStepDefinition.user_sees_a_success_message(PayBillsStepDefinition.java:96)
	at ✽.User sees a success message(file:///C:/Users/dell/Desktop/Traning/ZeroBank2.zip_expanded/ZeroBank2/src/test/resources/features/paybills.feature:8)
... Removed 3 stack frames</pre></div><a href='#' onClick='toggleBox("stack-trace2043723157", this, "Click to show all stack frames", "Click to hide stack frames")'>Click to show all stack frames</a>
<div class='stack-trace' id='stack-trace2043723157'><pre>java.lang.AssertionError: Success message not displayed! expected [true] but found [false]
	at org.testng.Assert.fail(Assert.java:111)
	at org.testng.Assert.failNotEquals(Assert.java:1590)
	at org.testng.Assert.assertTrue(Assert.java:57)
	at capstoneproject.ZeroBank.stepdefinitions.PayBillsStepDefinition.user_sees_a_success_message(PayBillsStepDefinition.java:96)
	at ✽.User sees a success message(file:///C:/Users/dell/Desktop/Traning/ZeroBank2.zip_expanded/ZeroBank2/src/test/resources/features/paybills.feature:8)
</pre></div></td>
<td>16</td>
<td>capstoneproject.ZeroBank.runners.PayBillsRunner@15f47664</td></tr>
</table><p>
<table width='100%' border='1' class='invocation-passed'>
<tr><td colspan='4' align='center'><b>PASSED TESTS</b></td></tr>
<tr><td><b>Test method</b></td>
<td><b>Attribute(s)</b></td>
<td width="30%"><b>Exception</b></td>
<td width="10%"><b>Time (seconds)</b></td>
<td><b>Instance</b></td>
</tr>
<tr>
<td title='capstoneproject.ZeroBank.runners.LoginRunner.runScenario()'><b>runScenario</b><br>Test class: capstoneproject.ZeroBank.runners.LoginRunner<br>Test method: Runs Cucumber Scenarios<br>Parameters: "Empty Username & Password Validation", "Login Functionality"</td>
<td></td>
<td>13</td>
<td>capstoneproject.ZeroBank.runners.LoginRunner@456d6c1e</td></tr>
<tr>
<td title='capstoneproject.ZeroBank.runners.LogoutRunner.runScenario()'><b>runScenario</b><br>Test class: capstoneproject.ZeroBank.runners.LogoutRunner<br>Test method: Runs Cucumber Scenarios<br>Parameters: "Verify Session Expiry After Logout", "Logout Functionality"</td>
<td></td>
<td>14</td>
<td>capstoneproject.ZeroBank.runners.LogoutRunner@dc9876b</td></tr>
<tr>
<td title='capstoneproject.ZeroBank.runners.LoginRunner.runScenario()'><b>runScenario</b><br>Test class: capstoneproject.ZeroBank.runners.LoginRunner<br>Test method: Runs Cucumber Scenarios<br>Parameters: "Successful Login", "Login Functionality"</td>
<td></td>
<td>24</td>
<td>capstoneproject.ZeroBank.runners.LoginRunner@456d6c1e</td></tr>
<tr>
<td title='capstoneproject.ZeroBank.runners.OnlineStatementRunner.runScenario()'><b>runScenario</b><br>Test class: capstoneproject.ZeroBank.runners.OnlineStatementRunner<br>Test method: Runs Cucumber Scenarios<br>Parameters: "Download Account Statement", "Statements & Documents Module"</td>
<td></td>
<td>21</td>
<td>capstoneproject.ZeroBank.runners.OnlineStatementRunner@471a9022</td></tr>
<tr>
<td title='capstoneproject.ZeroBank.runners.AddNewPayeeRunner.runScenario()'><b>runScenario</b><br>Test class: capstoneproject.ZeroBank.runners.AddNewPayeeRunner<br>Test method: Runs Cucumber Scenarios<br>Parameters: "Successfully Adding a New Payee", "Add a New Payee Functionality"</td>
<td></td>
<td>18</td>
<td>capstoneproject.ZeroBank.runners.AddNewPayeeRunner@928763c</td></tr>
<tr>
<td title='capstoneproject.ZeroBank.runners.AddNewPayeeRunner.runScenario()'><b>runScenario</b><br>Test class: capstoneproject.ZeroBank.runners.AddNewPayeeRunner<br>Test method: Runs Cucumber Scenarios<br>Parameters: "Add Payee with Missing Details", "Add a New Payee Functionality"</td>
<td></td>
<td>16</td>
<td>capstoneproject.ZeroBank.runners.AddNewPayeeRunner@928763c</td></tr>
<tr>
<td title='capstoneproject.ZeroBank.runners.LogoutRunner.runScenario()'><b>runScenario</b><br>Test class: capstoneproject.ZeroBank.runners.LogoutRunner<br>Test method: Runs Cucumber Scenarios<br>Parameters: "Logout Successfully", "Logout Functionality"</td>
<td></td>
<td>18</td>
<td>capstoneproject.ZeroBank.runners.LogoutRunner@dc9876b</td></tr>
<tr>
<td title='capstoneproject.ZeroBank.runners.FundTransferRunner.runScenario()'><b>runScenario</b><br>Test class: capstoneproject.ZeroBank.runners.FundTransferRunner<br>Test method: Runs Cucumber Scenarios<br>Parameters: "Successful Fund Transfer", "Fund Transfer"</td>
<td></td>
<td>16</td>
<td>capstoneproject.ZeroBank.runners.FundTransferRunner@e25951c</td></tr>
<tr>
<td title='capstoneproject.ZeroBank.runners.LoginRunner.runScenario()'><b>runScenario</b><br>Test class: capstoneproject.ZeroBank.runners.LoginRunner<br>Test method: Runs Cucumber Scenarios<br>Parameters: "Invalid Login", "Login Functionality"</td>
<td></td>
<td>15</td>
<td>capstoneproject.ZeroBank.runners.LoginRunner@456d6c1e</td></tr>
<tr>
<td title='capstoneproject.ZeroBank.runners.AccountSummaryRunner.runScenario()'><b>runScenario</b><br>Test class: capstoneproject.ZeroBank.runners.AccountSummaryRunner<br>Test method: Runs Cucumber Scenarios<br>Parameters: "Validate Account Types", "Account Summary Module Functionality"</td>
<td></td>
<td>18</td>
<td>capstoneproject.ZeroBank.runners.AccountSummaryRunner@3cfdd820</td></tr>
<tr>
<td title='capstoneproject.ZeroBank.runners.PayBillsRunner.runScenario()'><b>runScenario</b><br>Test class: capstoneproject.ZeroBank.runners.PayBillsRunner<br>Test method: Runs Cucumber Scenarios<br>Parameters: "Pay Bills Without Entering Amount", "Pay Bills"</td>
<td></td>
<td>20</td>
<td>capstoneproject.ZeroBank.runners.PayBillsRunner@15f47664</td></tr>
<tr>
<td title='capstoneproject.ZeroBank.runners.AccountSummaryRunner.runScenario()'><b>runScenario</b><br>Test class: capstoneproject.ZeroBank.runners.AccountSummaryRunner<br>Test method: Runs Cucumber Scenarios<br>Parameters: "Account Summary Page Loads Correctly", "Account Summary Module Functionality"</td>
<td></td>
<td>14</td>
<td>capstoneproject.ZeroBank.runners.AccountSummaryRunner@3cfdd820</td></tr>
<tr>
<td title='capstoneproject.ZeroBank.runners.PayBillsRunner.runScenario()'><b>runScenario</b><br>Test class: capstoneproject.ZeroBank.runners.PayBillsRunner<br>Test method: Runs Cucumber Scenarios<br>Parameters: "Schedule a Bill Payment for a Future Date", "Pay Bills"</td>
<td></td>
<td>18</td>
<td>capstoneproject.ZeroBank.runners.PayBillsRunner@15f47664</td></tr>
</table><p>
</body>
</html>